<?xml version="1.0" encoding="UTF-8"?>
<testsuite name="orion.sdk.java.LibraryTest" tests="1" skipped="0" failures="0" errors="0" timestamp="2022-07-03T11:11:02" hostname="Senthilnathans-MacBook-Pro-2.local" time="0.003">
  <properties/>
  <testcase name="someLibraryMethodReturnsTrue()" classname="orion.sdk.java.LibraryTest" time="0.003"/>
  <system-out><![CDATA[]]></system-out>
  <system-err><![CDATA[]]></system-err>
</testsuite>
