<?xml version="1.0" encoding="UTF-8"?>
<testsuite name="orion.sdk.java.HTTPRestClientTest" tests="2" skipped="0" failures="0" errors="0" timestamp="2022-07-03T11:11:01" hostname="Senthilnathans-MacBook-Pro-2.local" time="0.356">
  <properties/>
  <testcase name="submit()" classname="orion.sdk.java.HTTPRestClientTest" time="0.349"/>
  <testcase name="query()" classname="orion.sdk.java.HTTPRestClientTest" time="0.006"/>
  <system-out><![CDATA[Could not reconstruct the private key
{
  "payload": {
    "must_sign_user_ids": ["admin"],
    "tx_id": "tx1",
    "db_operations": [{
      "db_name": "bdb",
      "data_writes": [{
        "key": "key1"
      }]
    }]
  },
  "signatures": {
    "admin": ""
  }
}
{"error":"signature verification failed"}
(POST http://127.0.0.1:6001/data/tx) 401
{"error":"signature verification failed"}
(GET http://127.0.0.1:6001/db/bdb) 401
]]></system-out>
  <system-err><![CDATA[]]></system-err>
</testsuite>
